c:\users\ricki\desktop\krnl\x64\release\vc142.pdb
c:\users\ricki\desktop\krnl\x64\release\signature scan.obj
c:\users\ricki\desktop\krnl\x64\release\render.obj
c:\users\ricki\desktop\krnl\x64\release\nt.obj
c:\users\ricki\desktop\krnl\x64\release\main.obj
c:\users\ricki\desktop\krnl\build\driv6.sys
c:\users\ricki\desktop\krnl\build\driv6.pdb
c:\users\ricki\desktop\krnl_dx_hk_gdi\build\driv6.cer
c:\users\ricki\desktop\krnl_dx_hk_gdi\x64\release\main.obj
c:\users\ricki\desktop\krnl_dx_hk_gdi\x64\release\nt.obj
c:\users\ricki\desktop\krnl_dx_hk_gdi\x64\release\render.obj
c:\users\ricki\desktop\krnl_dx_hk_gdi\x64\release\signature scan.obj
c:\users\ricki\desktop\krnl_dx_hk_gdi\x64\release\vc142.pdb
c:\users\ricki\desktop\krnl_dx_hk_gdi\build\driv6.pdb
c:\users\ricki\desktop\krnl_dx_hk_gdi\build\driv6.sys
c:\users\ricki\desktop\krnl_dx_hk_gdi\x64\release\kernel mode.tlog\cl.command.1.tlog
c:\users\ricki\desktop\krnl_dx_hk_gdi\x64\release\kernel mode.tlog\cl.read.1.tlog
c:\users\ricki\desktop\krnl_dx_hk_gdi\x64\release\kernel mode.tlog\cl.write.1.tlog
c:\users\ricki\desktop\krnl_dx_hk_gdi\x64\release\kernel mode.tlog\link.command.1.tlog
c:\users\ricki\desktop\krnl_dx_hk_gdi\x64\release\kernel mode.tlog\link.read.1.tlog
c:\users\ricki\desktop\krnl_dx_hk_gdi\x64\release\kernel mode.tlog\link.write.1.tlog
c:\users\ricki\desktop\krnl_dx_hk_gdi\x64\release\kernel mode.tlog\signtool.command.1.tlog
c:\users\ricki\desktop\krnl_dx_hk_gdi\x64\release\kernel mode.tlog\signtool.read.1.tlog
c:\users\ricki\desktop\krnl_dx_hk_gdi\x64\release\kernel mode.tlog\signtool.timestamp.1.tlog
c:\users\ricki\desktop\krnl_dx_hk_gdi\x64\release\kernel mode.tlog\signtool.write.1.tlog
